Arguments: 
  C:\Program Files\nodejs\node.exe C:\Users\Rijuth Menon\AppData\Roaming\npm\node_modules\yarn\bin\yarn.js add tinacli

PATH: 
  C:\Program Files\Common Files\Oracle\Java\javapath;C:\Program Files\ImageMagick-7.1.0-Q16-HDRI;C:\Users\Rijuth Menon\AppData\Local\Programs\Python\Python310\Scripts;C:\Users\Rijuth Menon\AppData\Local\Programs\Python\Python310;C:\Python38\Scripts\;C:\Python38\;C:\Program Files (x86)\Common Files\Oracle\Java\javapath;C:\Windows\System32;C:\Windows;C:\Windows\System32\wbem;C:\Windows\System32\WindowsPowerShell\v1.0\;C:\Program Files\Microsoft VS Code\bin;C:\Windows\System32\OpenSSH\;C:\Program Files\NVIDIA Corporation\NVIDIA NvDLISR;C:\Program Files\Intel\WiFi\bin\;C:\Program Files\Common Files\Intel\WirelessCommon\;C:\Users\Rijuth Menon\AppData\Local\GitHubDesktop\bin;C:\Users\Rijuth Menon\AppData\Roaming\npm;C:\Android\platform-tools;D:\Program files\GnuPG\bin;C:\ProgramData\chocolatey\bin;C:\Program Files\PuTTY\;C:\WINDOWS\system32;C:\WINDOWS;C:\WINDOWS\System32\Wbem;C:\WINDOWS\System32\WindowsPowerShell\v1.0\;C:\WINDOWS\System32\OpenSSH\;C:\Program Files\Microsoft SQL Server\Client SDK\ODBC\110\Tools\Binn\;C:\Program Files (x86)\Microsoft SQL Server\120\Tools\Binn\;C:\Program Files\Microsoft SQL Server\120\Tools\Binn\;C:\Program Files\Microsoft SQL Server\120\DTS\Binn\;C:\Program Files (x86)\Windows Kits\8.1\Windows Performance Toolkit\;C:\Users\Rijuth Menon\AppData\Roaming\nvm;C:\Program Files\nodejs;C:\Users\Rijuth Menon\AppData\Local\Pub\Cache\bin;D:\Program files\Git\cmd;;C:\Program Files\Docker\Docker\resources\bin;C:\ProgramData\DockerDesktop\version-bin;C:\ProgramData\chocolatey\lib\mpv.install\tools;C:\Users\Rijuth Menon\AppData\Local\Programs\Python\Python310\Scripts\;C:\Users\Rijuth Menon\AppData\Local\Programs\Python\Python310\;C:\Users\Rijuth Menon\.cargo\bin;C:\Users\Rijuth Menon\.windows-build-tools\python27\;C:\Program Files\MySQL\MySQL Shell 8.0\bin\;C:\Users\Rijuth Menon\AppData\Local\Programs\AdoptOpenJDK\bin;C:\Users\Rijuth Menon\AppData\Local\Microsoft\WindowsApps;D:\Program files\IntelliJ IDEA Community Edition 2019.1.3\bin;C:\Users\Rijuth Menon\AppData\Local\Programs\IPFS Desktop\resources\app.asar.unpacked\src\ipfs-on-path\scripts\bin-win;C:\Users\Rijuth Menon\AppData\Local\Microsoft\WindowsApps;C:\flutter\flutter\bin;C:\Bitnami\wampstack-7.4.6-1\php;C:\Users\Rijuth Menon\AppData\Local\ComposerSetup\bin;C:\Users\Rijuth Menon\AppData\Roaming\Composer\vendor\bin;C:\tools\dart-sdk\bin;C:\Users\Rijuth Menon\AppData\Roaming\Pub\Cache\bin;C:\Users\Rijuth Menon\AppData\Local\JetBrains\Toolbox\scripts;C:\Program Files\Java\jdk-19\bin

Yarn version: 
  1.22.15

Node version: 
  16.11.0

Platform: 
  win32 x64

Trace: 
  Error: https://registry.yarnpkg.com/tinacli: Not found
      at Request.params.callback [as _callback] (C:\Users\Rijuth Menon\AppData\Roaming\npm\node_modules\yarn\lib\cli.js:66140:18)
      at Request.self.callback (C:\Users\Rijuth Menon\AppData\Roaming\npm\node_modules\yarn\lib\cli.js:140885:22)
      at Request.emit (node:events:390:28)
      at Request.<anonymous> (C:\Users\Rijuth Menon\AppData\Roaming\npm\node_modules\yarn\lib\cli.js:141857:10)
      at Request.emit (node:events:390:28)
      at IncomingMessage.<anonymous> (C:\Users\Rijuth Menon\AppData\Roaming\npm\node_modules\yarn\lib\cli.js:141779:12)
      at Object.onceWrapper (node:events:509:28)
      at IncomingMessage.emit (node:events:402:35)
      at endReadableNT (node:internal/streams/readable:1343:12)
      at processTicksAndRejections (node:internal/process/task_queues:83:21)

npm manifest: 
  No manifest

yarn manifest: 
  No manifest

Lockfile: 
  No lockfile
